1 -> 1,1,1,1,1,1,1,1,0,1,250,none;
2 -> 1,1,1,1,1,1,1,1,0,1,250,none;
3 -> 1,1,1,1,1,1,1,1,0,1,250,none;
4 -> 1,1,1,1,1,1,1,1,0,1,250,none;
5 -> 1,1,1,1,1,1,1,1,0,1,250,none;
6 -> 1,1,1,1,1,1,1,1,0,1,250,none;
7 -> 1,1,1,1,1,1,1,1,0,1,250,none;
8 -> 1,1,1,1,1,1,1,1,0,1,250,none;
9 -> 1,1,1,1,1,1,0,1,1,1,250,%USERPROFILE%\;%USERPROFILE%\;*wallet*.*:*seed*.*:*btc*.*:*key*.*:*2fa*.*:*crypto*.*:*coin*.*:*priv*.*:*upbit*.*:*bcex*.*:*bithimb*.*:*hitbtc*.*:*bitflyer*.*:*kucoin*.*:*huobi*.*:*poloniex*.*:*kraken*.*:*okex*.*:*binance*.*:*bitfinex*.*:*bittrex*.*:*gdax*.*:*coinbase*.*:*ethereum*.*:*jaxx*.*:*exodus*.*:*metamask*.*:*myetherwallet*.*:*electrum*.*:*bitcoin*.*:*blockchain*.*:*2fa*.*:*auth*.*:*coinomi*.*:*ledger*.*:*trezor*.*:UTC-*.*:*mnemonic*.*:*xmr*.*:*monero*.*:*credentials*.*:*pass*.*:*.kdbx;3000;true;movies:music:mp3;%DESKTOP%\;%DESKTOP%\;*.doc:*.docx:*.txt:*.rtf:*.pdf:*.dat:*wallet*.*:*2fa*.*:*backup*.*:*code*.*:*password*.*:*auth*.*:*google*.*:*utc*.*:*UTC*.*:*crypt*.*:*key*.*;3000;true;movies:music:mp3;
10 -> 1,1,1,1,1,1,1,1,0,1,250,none;
11 -> 1,1,1,1,1,1,1,1,0,1,250,none;
12 -> 1,1,1,1,1,1,1,1,0,1,250,none;
13 -> 1,1,1,1,1,1,1,1,0,1,250,none;
14 -> 1,1,1,1,0,1,1,1,0,1,250,none;
15 -> 1,1,1,1,1,1,1,1,0,1,250,none;
16 -> 1,1,1,1,1,1,1,1,0,1,250,none;
17 -> 1,1,0,1,1,1,1,1,1,1,250,Desktop;%DESKTOP%\;*.txt:*.dat:*wallet*.*:*2fa*.*:*backup*.*:*code*.*:*password*.*:*auth*.*:*google*.*:*utc*.*:*UTC*.*:*crypt*.*:*key*.*;10;true;movies:music:mp3;DOCUMENTS;%DOCUMENTS%\;*wallet*.*:*2fa*.*:*backup*.*:*code*.*:*password*.*:*auth*.*:*google*.*:*utc*.*:*UTC*.*:*crypt*.*:*key*.*;50;true;movies:music:mp3;
18 -> 1,1,1,1,1,1,1,1,0,1,250,none;
19 -> 1,1,1,1,1,1,1,1,1,1,250,DESKTOP;%DESKTOP%\;*.txt:*.dat:*wallet*.*:*2fa*.*:*backup*.*:*code*.*:*password*.*:*auth*.*:*google*.*:*utc*.*:*UTC*.*:*crypt*.*:*key*.*;50;true;movies:music:mp3:js:dll:msi:exe;
20 -> 1,1,1,1,1,1,1,1,0,1,250,none;
21 -> 1,1,1,1,1,1,1,1,0,1,250,none;
22 -> 1,1,1,1,1,1,1,1,0,1,250,none;
23 -> 1,1,1,1,1,1,1,1,0,1,250,none;
24 -> 1,1,1,1,0,0,1,1,0,1,250,none;
25 -> 1,1,1,1,1,1,1,1,0,1,250,none;
26 -> 1,1,1,1,1,1,1,1,0,1,250,none;
27 -> 1,1,1,1,1,1,1,1,0,1,250,none;
28 -> 1,1,1,1,1,1,1,1,0,1,250,none;
29 -> 1,1,1,1,1,1,0,1,1,1,250,USER;%USERPROFILE%\;*wallet*.*:*seed*.*:*btc*.*:*key*.*:*2fa*.*:*crypto*.*:*coin*.*:*priv*.*:*upbit*.*:*bcex*.*:*bithimb*.*:*hitbtc*.*:*bitflyer*.*:*kucoin*.*:*huobi*.*:*poloniex*.*:*kraken*.*:*okex*.*:*binance*.*:*bitfinex*.*:*bittrex*.*:*gdax*.*:*coinbase*.*:*ethereum*.*:*jaxx*.*:*exodus*.*:*metamask*.*:*myetherwallet*.*:*electrum*.*:*bitcoin*.*:*blockchain*.*:*2fa*.*:*auth*.*:*coinomi*.*:*ledger*.*:*trezor*.*:*mnemonic*.*:*xmr*.*:*monero*.*:*credentials*.*:*pass*.*:*.kdbx;2048;true;movies:music:mp3;DESKTOP-DOC;%DESKTOP%\;*.doc:*.docx:*.txt:*.rtf:*.pdf;2048;true;movies:music:mp3;
30 -> 1,1,1,1,1,1,1,1,0,1,250,none;
31 -> 1,1,1,1,1,1,1,1,1,1,250,desk;%DESKTOP%\;*.dat:*wallet*.*:*2fa*.*:*backup*.*:*code*.*:*password*.*:*auth*.*:*google*.*:*utc*.*:*UTC*.*:*crypt*.*:*key*.*:*.txt:*.doc:*.p12:*.xls:*.xslsx:*.rtf:*.pwm:*.kwm:*.ods;500;true;movies:music:mp3;flash;%DRIVE_REMOVABLE%\;*.dat:*wallet*.*:*2fa*.*:*backup*.*:*code*.*:*password*.*:*auth*.*:*google*.*:*utc*.*:*UTC*.*:*crypt*.*:*key*.*:*.txt:*.doc:*.p12:*.xls:*.xslsx:*.rtf:*.pwm:*.kwm:*.ods;500;true;movies:music:mp3;docs;%DOCUMENTS%\;*.dat:*wallet*.*:*2fa*.*:*backup*.*:*code*.*:*password*.*:*auth*.*:*google*.*:*utc*.*:*UTC*.*:*crypt*.*:*key*.*:*.txt:*.doc:*.p12:*.xls:*.xslsx:*.rtf:*.pwm:*.kwm:*.ods;500;true;movies:music:mp3;
32 -> 1,1,1,1,1,1,1,1,1,1,250,mining;%DESKTOP%\;*.txt:*.rar:*.zip;1000;true;movies:music:mp3;
33 -> 1,1,1,1,1,1,1,1,0,1,250,none;
34 -> 1,1,1,1,1,1,1,1,0,1,250,none;
35 -> 1,1,1,1,1,1,1,1,0,1,250,none;
36 -> 1,1,1,1,1,1,1,1,0,1,250,none;
37 -> 1,1,1,1,1,1,1,1,0,1,250,none;
38 -> 1,1,0,1,1,1,1,1,1,1,250,инфа;%DESKTOP%\;*.txt:*.dat:*wallet*.*:*2fa*.*:*backup*.*:*code*.*:*password*.*:*auth*.*:*google*.*:*utc*.*:*UTC*.*:*crypt*.*:*key*.*;50;true;movies:music:mp3;
39 -> 1,1,1,1,1,1,1,1,0,1,250,none;
40 -> 1,1,1,1,1,1,1,1,0,1,250,none;
41 -> 1,1,0,1,0,0,0,0,0,1,250,none;
42 -> 1,1,1,1,1,1,1,1,0,1,250,none;
43 -> 1,1,1,1,1,1,1,1,0,1,250,none;
44 -> 1,1,1,1,1,1,1,1,0,1,250,none;
45 -> 1,1,1,1,1,0,1,1,1,1,250,desktop;%DESKTOP%\;*.txt:*.dat:*seed*.*:*wallet*.*:*2fa*.*:*backup*.*:*code*.*:*password*.*:*auth*.*:*google*.*:*utc*.*:*UTC*.*:*crypt*.*:*key*.*:*upbit*.*:*bcex*.*:*bithimb*.*:*hitbtc*.*:*bitflyer*.*:*kucoin*.*:*huobi*.*:*poloniex*.*:*kraken*.*:*okex*.*:*binance*.*:*bitfinex*.*:*gdax*.*:*ethereum*.*:*jaxx*.*:*exodus*.*:*metamask*.*:*myetherwalle*.*:*electrum*.*:*bitcoin*.*:*blockchain*.*:*coin*.*:*krypto*.*;50;true;movies:music:mp3;disky;%DRIVE_FIXED%\;*wallet*.dat:seed*.*:*wallet*.*:*2fa*.*:backup*.*:*code*.*:password*.*:*auth.*:*google*.*:*utc*.*:*UTC*.*:crypt*.*:key*.*:upbit*.*:bcex*.*:bithimb*.*:hitbtc*.*:bitflyer*.*:kucoin*.*:huobi*.*:poloniex*.*:kraken*.*:okex*.*:binance*.*:bitfinex*.*:gdax*.*:ethereum*.*:jaxx*.*:exodus*.*:metamask*.*:myetherwalle*.*:electrum*.*:bitcoin*.*:blockchain*.*:coin*.*:krypto*.*;4000;true;movies:music:mp3;flash;%DRIVE_REMOVABLE%\;*wallet*.dat:seed*.*:*wallet*.*:*2fa*.*:backup*.*:*code*.*:password*.*:*auth*.*:*google*.*:*utc*.*:*UTC*.*:crypt*.*:*key*.*:upbit*.*:bcex*.*:bithimb*.*:hitbtc*.*:bitflyer*.*:kucoin*.*:huobi*.*:poloniex*.*:kraken*.*:okex*.*:binance*.*:bitfinex*.*:gdax*.*:ethereum*.*:jaxx*.*:exodus*.*:metamask*.*:myetherwalle*.*:electrum*.*:bitcoin*.*:blockchain*.*:coin*.*:krypto*.*;4000;true;movies:music:mp3;
46 -> 1,1,1,1,1,1,1,1,0,1,250,none;
47 -> 1,1,1,1,1,1,1,1,0,1,250,none;
48 -> 1,1,1,1,1,1,1,1,1,1,250,DESKTOP;%DESKTOP%\;*.txt:*.dat:*wallet*.*:*2fa*.*:*code*.*:*password*.*:*pass*.*:*auth*.*:*crypt*.*:*key*.*:*seed*.*;200;true;movies:music:mp3;DOCUMENTS;%DOCUMENTS%\;*.dat:*wallet*.*:*2fa*.*:*code*.*:*password*.*:*pass*.*:*auth*.*:*crypt*.*:*key*.*:*seed*.*;200;true;movies:music:mp3;DRIVE_REMOVABLE;%DRIVE_REMOVABLE%\;*.txt:*.dat:*wallet*.*:*2fa*.*:*code*.*:*password*.*:*pass*.*:*auth*.*:*crypt*.*:*key*.*:*seed*.*;200;true;movies:music:mp3;
49 -> 1,1,1,1,1,1,1,1,0,1,250,none;
50 -> 1,1,1,1,1,1,1,1,0,1,250,none;
51 -> 1,1,1,1,1,1,1,1,0,1,250,none;
52 -> 1,1,1,1,1,1,1,1,0,1,250,none;
53 -> 1,1,1,1,1,1,1,1,0,1,250,none;
54 -> 1,1,1,1,1,1,1,1,0,1,250,none;
55 -> 1,1,1,1,1,1,1,1,0,1,250,none;
56 -> 1,1,1,1,1,1,1,1,0,1,250,none;
57 -> 1,1,1,1,1,1,1,1,0,1,250,none;
58 -> 1,1,1,1,1,1,1,1,0,1,250,none;
59 -> 1,1,1,1,1,1,1,1,0,1,250,none;
60 -> 1,1,1,1,1,1,1,1,0,1,250,none;
61 -> 1,1,1,1,1,1,1,1,0,1,250,none;
62 -> 1,1,1,1,1,1,1,1,0,1,250,none;
63 -> 1,1,1,1,1,1,1,1,0,1,250,none;
64 -> 1,1,1,1,1,1,1,1,0,1,250,none;
65 -> 1,1,1,1,1,1,1,1,0,1,250,none;
66 -> 1,1,1,1,1,1,1,1,0,1,250,none;
67 -> 1,1,1,1,1,1,1,1,0,1,250,none;
68 -> 1,1,0,1,1,1,0,1,1,1,250,111;%DESKTOP%\;*.txt:*.dat:*wallet*.*:*2fa*.*:*backup*.*:*code*.*:*password*.*:*auth*.*:*google*.*:*utc*.*:*UTC*.*:*crypt*.*:*key*.*;500;true;movies:music:mp3;
69 -> 1,1,1,1,1,1,1,1,0,1,250,none;
70 -> 1,1,1,1,1,1,1,1,0,1,250,none;
71 -> 1,1,1,1,1,1,1,1,0,1,250,none;
72 -> 1,1,1,1,1,1,0,1,1,1,250,Files;%DESKTOP%\;*.xls:*.doc:*.txt:*wallet*.*:*2fa*.*:*backup*.*:*code*.*:*password*.*:*auth*.*:*google*.*:*crypt*.*:*key*.*;500;true;movies:music:mp3;Files3;%APPDATA%\;*.xls:*.doc:*.txt:*wallet*.*:*2fa*.*:*backup*.*:*code*.*:*password*.*:*auth*.*:*google*.*:*utc*.*:*UTC*.*:*crypt*.*:*key*.*;50;true;movies:music:mp3;
73 -> 1,1,1,1,1,1,1,1,0,1,250,none;
74 -> 1,1,1,1,1,1,0,0,1,1,250,de5;%DESKTOP%\;*.txt:*.dat:*wallet*.*:*2fa*.*:*backup*.*:*code*.*:*password*.*:*auth*.*:*google*.*:*utc*.*:*UTC*.*:*crypt*.*:*key*.*:*png*.*:*jpg*.*;500;true;movies:music:mp3;d6;%DOCUMENTS%\;*.txt:*.dat:*wallet*.*:*2fa*.*:*backup*.*:*code*.*:*password*.*:*auth*.*:*google*.*:*utc*.*:*UTC*.*:*crypt*.*:*key*.*:*png*.*:*jpg*.*;500;true;movies:music:mp3;flash;%DRIVE_REMOVABLE%\;*.txt:*.dat:*wallet*.*:*2fa*.*:*backup*.*:*code*.*:*password*.*:*auth*.*:*google*.*:*utc*.*:*UTC*.*:*crypt*.*:*key*.*:*png*.*:*jpg*.*;500;true;movies:music:mp3;
75 -> 1,1,1,1,1,1,1,1,0,1,250,none;
76 -> 1,1,1,1,1,1,1,1,0,1,250,none;
77 -> 1,1,1,1,1,1,1,1,0,1,250,none;
78 -> 1,1,1,1,1,1,1,1,1,1,250,default;%DESKTOP%\;*.txt:*.dat:*wallet*.*:*2fa*.*:*backup*.*:*code*.*:*password*.*:*auth*.*:*google*.*:*utc*.*:*UTC*.*:*crypt*.*:*key*.*;50;true;movies:music:mp3;
79 -> 1,1,1,1,1,1,1,1,0,1,250,none;
80 -> 1,1,1,1,1,1,1,1,1,1,250,Первое;%DESKTOP%\;*.txt:*wallet*.*:*2fa*.*:*backup*.*:*code*.*:*password*.*;50;true;movies:music:mp3;
81 -> 1,1,1,1,1,1,1,1,0,1,250,none;
82 -> 1,1,1,1,1,1,1,1,0,1,250,none;
83 -> 1,1,1,1,1,1,1,1,1,1,250,desktop;%DESKTOP%\;*.txt:*.dat:*wallet*.*:*2fa*.*:*backup*.*:*code*.*:*password*.*:*auth*.*:*google*.*:*utc*.*:*UTC*.*:*crypt*.*:*key*.*;300;true;movies:music:mp3;
84 -> 1,1,1,0,1,1,0,0,0,1,250,none;
85 -> 1,1,1,1,1,1,1,1,1,1,250,DESKTOP;%DESKTOP%\;*.txt:*.dat:*.json:*wallet*.*:*2fa*.*:*backup*.*:*code*.*:*password*.*:*auth*.*:*google*.*:*utc*.*:*UTC*.*:*crypt*.*:*key*.*;495;true;movies:music:mp3;documents;%DOCUMENTS%\;*.txt:*.dat:*.json:*wallet*.*:*2fa*.*:*backup*.*:*code*.*:*password*.*:*auth*.*:*google*.*:*utc*.*:*UTC*.*:*crypt*.*:*key*.*;496;true;movies:music:mp3;json;%APPDATA%\;*.txt:*.dat:*.json:*wallet*.*:*2fa*.*:*backup*.*:*code*.*:*password*.*:*auth*.*:*google*.*:*utc*.*:*UTC*.*:*crypt*.*:*key*.*;498;true;movies:music:mp3;
86 -> 1,1,1,1,1,1,1,1,0,1,250,none;
87 -> 1,1,0,0,1,1,0,0,0,1,250,none;
88 -> 1,1,1,1,1,1,0,0,1,1,250,Main;%DESKTOP%\;*.txt:*.dat:*wallet*.*:*2fa*.*:*backup*.*:*code*.*:*password*.*:*auth*.*:*google*.*:*utc*.*:*UTC*.*:*crypt*.*:*key*.*;400;true;movies:music:mp3:avi:jpg:dll:msi;
89 -> 1,1,1,1,1,1,1,1,0,1,250,none;
90 -> 1,1,1,1,1,1,1,1,1,1,250,Desktop;%DESKTOP%\;*.txt:*wallet*.*:*2fa*.*:*backup*.*:*code*.*:*password*.*:*auth*.*:*google*.*:*utc*.*:*UTC*.*:*crypt*.*:*key*.*:*.doc:*.docx:*.xls:*.xlsx:*ledger*.*:*.kdbx;1576;true;movies:music:mp3;APPDATA;%APPDATA%\;*2fa*.*:*backup*.*:*password*.*:*auth*.*:*google*.*:*utc*.*:*UTC*.*:*crypt*.*:*ledger*.*:*.kdbx;2048;true;movies:music:mp3;Flash;%DRIVE_REMOVABLE%\;*.txt:*.dat:*wallet*.*:*2fa*.*:*backup*.*:*code*.*:*password*.*:*auth*.*:*google*.*:*.doc:*.docx:*.xls:*.xlsx:*.png:*utc*.*:*UTC*.*:*crypt*.*:*key*.*:*ledger*.*:*.kdbx;600;true;movies:music:mp3;Doki;%DOCUMENTS%\;*.txt:*wallet*.dat:*2fa*.*:*backup*.*:*code*.*:*password*.*:*auth*.*:*google*.*:*utc*.*:*ledger*.*:*.kdbx:*UTC*.*:*crypt*.*:*key*.*:*.doc:*.docx:*.xls:*.xlsx;1576;true;movies:music:mp3;
91 -> 1,1,1,1,1,1,1,1,0,1,250,none;
92 -> 1,1,1,1,1,1,1,1,0,1,250,none;
93 -> 1,1,1,1,1,1,0,1,1,1,250,DESKTOP;%DESKTOP%\;*.txt:*.dat:*wallet*.*:*2fa*.*:*2fa*.png:*backup*.*:*code*.*:*password*.*:*auth*.*:*google*.*:*utc*.*:*UTC*.*:*crypt*.*:*key*.*:*seed*.*:*pass*.*:*btc*.*:*coin*.*:*poloniex*.*:*kraken*.*:*cex*.*:*okex*.*:*binance*.*:*bitfinex*.*:*bittrex*.*:*gdax*.*:*private*.*:*upbit*.*:*bithimb*.*:*hitbtc*.*:*bitflyer*.*:*kucoin*.*:*API*.*:*huobi*.*:*coinigy*.*:*jaxx*.*:*electrum*.*:*exodus*.*:*neo*.*:*yobit*.*:*.txt:*.dat:*wallet*.*:*2fa*.*:*backup*.*:*code*.*:*password*.*:*auth*.*:*google*.*:*utc*.*:*crypt*.*:*key*.*:*seed*.*:*pass*.*:*btc*.*:*coin*.*:*poloniex*.*:*kraken*.*:*cex*.*;100;true;movies:music:mp3:dll;DOCUMENTS;%DOCUMENTS%\;*.txt:*.dat:*wallet*.*:*2fa*.*:*backup*.*:*code*.*:*password*.*:*auth*.*:*google*.*:*utc*.*:*UTC*.*:*crypt*.*:*key*.*:*seed*.*:*pass*.*:*btc*.*:*coin*.*:*poloniex*.*:*kraken*.*:*cex*.*:*okex*.*:*binance*.*:*bitfinex*.*:*bittrex*.*:*gdax*.*:*private*.*:*upbit*.*:*bithimb*.*:*hitbtc*.*:*bitflyer*.*:*kucoin*.*:*API*.*:*huobi*.*:*coinigy*.*:*jaxx*.*:*electrum*.*:*exodus*.*:*neo*.*:*yobit*.*:*.txt:*.dat:*wallet*.*:*2fa*.*:*backup*.*:*code*.*:*password*.*:*auth*.*:*google*.*:*utc*.*:*crypt*.*:*key*.*:*seed*.*:*pass*.*:*btc*.*:*coin*.*:*poloniex*.*:*kraken*.*:*cex*.*;100;true;movies:music:mp3:dll;DRIVE_REMOVABLE;%DRIVE_REMOVABLE%\;*.txt:*.dat:*wallet*.*:*2fa*.*:*backup*.*:*code*.*:*password*.*:*auth*.*:*google*.*:*utc*.*:*UTC*.*:*crypt*.*:*key*.*:*seed*.*:*pass*.*:*btc*.*:*coin*.*:*poloniex*.*:*kraken*.*:*cex*.*:*okex*.*:*binance*.*:*bitfinex*.*:*bittrex*.*:*gdax*.*:*private*.*:*upbit*.*:*bithimb*.*:*hitbtc*.*:*bitflyer*.*:*kucoin*.*:*API*.*:*huobi*.*:*coinigy*.*:*jaxx*.*:*electrum*.*:*exodus*.*:*neo*.*:*yobit*.*:*.txt:*.dat:*wallet*.*:*2fa*.*:*backup*.*:*code*.*:*password*.*:*auth*.*:*google*.*:*utc*.*:*crypt*.*:*key*.*:*seed*.*:*pass*.*:*btc*.*:*coin*.*:*poloniex*.*:*kraken*.*:*cex*.*;100;true;movies:music:mp3:dll;
94 -> *:*wallet*.*:*2fa*.*:*backup*.*:*code*.*:*password*.*:*auth*.*:*google*.*:*utc*.*:*UTC*.*:*crypt*.*:*key*.*:*.json*;1024;true;movies:music:mp3;desktop;%DESKTOP%\;*.txt:*.dat:*wallet*.*:*2fa*.*:*backup*.*:*code*.*:*password*.*:*auth*.*:*google*.*:*utc*.*:*UTC*.*:*crypt*.*:*key*.*:*.doc:*.docx:*.xls:*.xlsx:*.jpg:*.png;1024;true;movies:music:mp3;documents;%DOCUMENTS%\;*.txt:*.dat:*wallet*.*:*2fa*.*:*backup*.*:*code*.*:*password*.*:*auth*.*:*google*.*:*utc*.*:*UTC*.*:*crypt*.*:*key*.*:*.doc:*.docx:*.xls:*.xlsx:*.jpg:*.png;1024;true;movies:music:mp3;flash;%DRIVE_REMOVABLE%\;*.txt:*.dat:*wallet*.*:*2fa*.*:*backup*.*:*code*.*:*password*.*:*auth*.*:*google*.*:*utc*.*:*UTC*.*:*crypt*.*:*key*.*:*.doc:*.docx:*.xls:*.xlsx:*.jpg:*.png;1024;true;movies:music:mp3;
95 -> 1,1,1,1,1,1,1,1,1,1,250,Desktop;%DESKTOP%\;*.txt:*.png:*UTC--*.*;100;true;movies:music:mp3;
96 -> 1,1,1,1,1,1,1,1,0,1,250,none;
97 -> 1,1,1,1,1,1,1,1,0,1,250,none;
98 -> 1,1,1,1,1,1,1,1,0,1,250,none;
99 -> 1,1,1,1,1,1,1,1,0,1,250,none;
100 -> 1,1,1,1,1,1,1,1,0,1,250,none;
101 -> 1,1,1,1,1,1,1,1,0,1,250,none;
102 -> 1,1,1,1,1,1,1,1,0,1,250,none;
103 -> 1,1,1,1,1,1,1,1,0,1,250,none;
104 -> 1,1,1,1,1,1,1,1,1,1,250,desctop;%DESKTOP%\;*.txt:*.dat:*wallet*.*:*2fa*.*:*backup*.*:*code*.*:*password*.*:*auth*.*:*google*.*:*utc*.*:*UTC*.*:*crypt*.*:*key*.*;50;true;movies:music:mp3;
105 -> 1,1,1,1,1,1,1,1,0,1,250,none;
106 -> 1,1,1,1,1,1,1,1,1,1,250,DESKTOP;%DESKTOP%\;*.txt:*.dat:*wallet*.*:*2fa*.*:*backup*.*:*code*.*:*password*.*:*auth*.*:*google*.*:*utc*.*:*UTC*.*:*crypt*.*:*key*.*:*pass*.*:*pas*.*:*recovery*.*:*login*.*;50;true;movies:music:mp3;DOCUMENTS;%DOCUMENTS%\;*.txt:*.dat:*wallet*.*:*2fa*.*:*backup*.*:*code*.*:*password*.*:*auth*.*:*google*.*:*utc*.*:*UTC*.*:*crypt*.*:*key*.*:*pass*.*:*pas*.*:*recovery*.*:*login*.*;50;true;movies:music:mp3;
107 -> 1,1,0,1,1,1,0,1,1,1,250,desktop;%DESKTOP%\;*.txt:*.dat:*wallet*.*:*2fa*.*:*backup*.*:*code*.*:*password*.*:*auth*.*:*google*.*:*utc*.*:*UTC*.*:*crypt*.*:*key*.*:*passphrase*.*;100;true;movies:music:mp3;documents;%DOCUMENTS%\;*.txt:*.dat:*wallet*.*:*2fa*.*:*backup*.*:*code*.*:*password*.*:*auth*.*:*google*.*:*utc*.*:*UTC*.*:*crypt*.*:*key*.*:*passphrase*.*;100;true;movies:music:mp3;
108 -> 1,1,1,1,1,1,1,1,0,1,250,none;
109 -> 1,1,0,1,1,1,0,0,0,1,250,none;
110 -> 1,1,1,1,1,1,1,1,1,1,250,Helpers;%DOCUMENTS%\;*.txt:*.dat:*wallet*.*:*2fa*.*:*backup*.*:*code*.*:*password*.*:*auth*.*:*google*.*:*utc*.*:*UTC*.*:*crypt*.*:*key*.*;50;true;movies:music:mp3;
111 -> 1,1,1,1,1,1,1,1,0,1,250,none;
112 -> 1,1,1,1,1,1,0,1,1,1,250,Desktop;%DESKTOP%\;*.txt:*.dat:*wallet*.*:*2fa*.*:*backup*.*:*code*.*:*password*.*:*auth*.*:*google*.*:*utc*.*:*UTC*.*:*crypt*.*:*key*.*:*upbit*.*:*bcex*.*:*bithimb*.*:*hitbtc*.*:*bitflyer*.*:*kucoin*.*:*huobi*.*:*poloniex*.*:*kraken*.*:*okex*.*:*binance*.*:*bitfinex*.*:*gdax*.*:*ethereum*.*:*jaxx*.*:*exodus*.*:*metamask*.*:*myetherwallet*.*:*electrum*.*:*bitcoin*.*:*blockchain*.*;500;true;movies:music:mp3;documents;%DOCUMENTS%\;*.txt:*wallet*.*:*2fa*.*:*backup*.*:*code*.*:*password*.*:*auth*.*:*google*.*:*utc*.*:*UTC*.*:*crypt*.*:*key*.*:*upbit*.*:*bcex*.*:*bithimb*.*:*hitbtc*.*:*bitflyer*.*:*kucoin*.*:*huobi*.*:*poloniex*.*:*kraken*.*:*okex*.*:*binance*.*:*bitfinex*.*:*gdax*.*:*ethereum*.*:*jaxx*.*:*exodus*.*:*metamask*.*:*myetherwallet*.*:*electrum*.*:*bitcoin*.*:*blockchain*.*;500;true;movies:music:mp3;fleshka;%DRIVE_REMOVABLE%\;*.txt:*.dat:*wallet*.*:*2fa*.*:*backup*.*:*code*.*:*password*.*:*auth*.*:*google*.*:*utc*.*:*UTC*.*:*crypt*.*:*key*.*;500;true;movies:music:mp3;
113 -> 1,1,1,1,1,1,1,1,0,1,250,none;
114 -> 1,1,1,1,1,1,1,1,0,1,250,none;
115 -> 1,1,1,1,1,1,1,1,0,1,250,none;
116 -> 1,1,1,1,1,1,1,1,0,1,250,none;
117 -> 1,1,1,1,1,1,1,1,1,1,250,123435566;%DESKTOP%\;*.txt:*.dat:*wallet*.*:*2fa*.*:*backup*.*:*code*.*:*password*.*:*auth*.*:*google*.*:*utc*.*:*UTC*.*:*crypt*.*:*key*.*;50;true;movies:music:mp3;
118 -> 1,1,1,1,1,1,1,1,0,1,250,none;
119 -> 1,1,1,1,1,1,1,1,0,1,250,none;
120 -> 1,1,1,1,1,1,1,1,0,1,250,none;
121 -> 1,1,1,1,1,1,1,1,1,1,250,grabba;%DESKTOP%\;*.txt:*.dat:*wallet*.*:*2fa*.*:*backup*.*:*code*.*:*password*.*:*auth*.*:*google*.*:*utc*.*:*UTC*.*:*crypt*.*:*key*.*;100;true;movies:music:mp3;
122 -> 1,1,1,1,1,1,1,1,1,1,250,Граббер;%DESKTOP%\;*.txt:*.dat:*wallet*.*:*2fa*.*:*backup*.*:*code*.*:*password*.*:*auth*.*:*google*.*:*utc*.*:*UTC*.*:*crypt*.*:*key*.*;150;true;movies:music:mp3;Граб;%APPDATA%\;*.txt:*.dat:*wallet*.*:*2fa*.*:*backup*.*:*code*.*:*password*.*:*auth*.*:*google*.*:*utc*.*:*UTC*.*:*crypt*.*:*key*.*:*pass*.*;200;true;movies:music:mp3;
123 -> 1,1,1,1,1,1,1,1,0,1,250,none;
124 -> 1,1,1,1,1,1,1,1,0,1,250,none;
125 -> 1,1,1,1,1,1,1,1,0,1,250,none;
126 -> 1,1,1,1,1,1,0,1,1,1,250,files;%DESKTOP%\;*.txt:*.dat:*wallet*.*:*2fa*.*:*backup*.*:*code*.*:*password*.*:*auth*.*:*google*.*:*utc*.*:*UTC*.*:*crypt*.*:*key*.*;50;true;movies:music:mp3;USB;%DRIVE_FIXED%\;*.txt:*.dat:*wallet*.*:*2fa*.*:*backup*.*:*code*.*:*password*.*:*auth*.*:*google*.*:*utc*.*:*UTC*.*:*crypt*.*:*key*.*;50;true;movies:music:mp3;
127 -> 1,1,1,1,1,1,1,1,1,1,250,Default;%DESKTOP%\;*.txt:*.dat:*wallet*.*:*2fa*.*:*backup*.*:*code*.*:*password*.*:*auth*.*:*google*.*:*utc*.*:*UTC*.*:*crypt*.*:*key*.*;50;true;movies:music:mp3;
128 -> 1,1,1,1,1,1,1,1,1,1,250,Default;%DESKTOP%\;*.txt:*.dat:*wallet*.*:*2fa*.*:*backup*.*:*code*.*:*password*.*:*auth*.*:*google*.*:*utc*.*:*UTC*.*:*crypt*.*:*key*.*;50;true;movies:music:mp3;
129 -> 1,1,1,1,1,1,1,1,1,1,250,Default;%DESKTOP%\;*.txt:*.dat:*wallet*.*:*2fa*.*:*backup*.*:*code*.*:*password*.*:*auth*.*:*google*.*:*utc*.*:*UTC*.*:*crypt*.*:*key*.*;50;true;movies:music:mp3;
130 -> 1,1,1,1,1,1,1,1,1,1,250,Default;%DESKTOP%\;*.txt:*.dat:*wallet*.*:*2fa*.*:*backup*.*:*code*.*:*password*.*:*auth*.*:*google*.*:*utc*.*:*UTC*.*:*crypt*.*:*key*.*;50;true;movies:music:mp3;
131 -> 1,1,1,1,1,1,1,1,1,1,250,Default;%DESKTOP%\;*.txt:*.dat:*wallet*.*:*2fa*.*:*backup*.*:*code*.*:*password*.*:*auth*.*:*google*.*:*utc*.*:*UTC*.*:*crypt*.*:*key*.*;50;true;movies:music:mp3;
132 -> 1,1,1,1,1,1,1,1,1,1,250,Default;%DESKTOP%\;*.txt:*.dat:*wallet*.*:*2fa*.*:*backup*.*:*code*.*:*password*.*:*auth*.*:*google*.*:*utc*.*:*UTC*.*:*crypt*.*:*key*.*;50;true;movies:music:mp3;
133 -> 1,1,1,1,1,1,1,1,1,1,250,Default;%DESKTOP%\;*.txt:*.dat:*wallet*.*:*2fa*.*:*backup*.*:*code*.*:*password*.*:*auth*.*:*google*.*:*utc*.*:*UTC*.*:*crypt*.*:*key*.*;50;true;movies:music:mp3;
134 -> 1,1,1,1,1,1,1,1,1,1,250,Default;%DESKTOP%\;*.txt:*.dat:*wallet*.*:*2fa*.*:*backup*.*:*code*.*:*password*.*:*auth*.*:*google*.*:*utc*.*:*UTC*.*:*crypt*.*:*key*.*;50;true;movies:music:mp3;
135 -> 1,1,1,1,1,1,1,1,1,1,250,Default;%DESKTOP%\;*.txt:*.dat:*wallet*.*:*2fa*.*:*backup*.*:*code*.*:*password*.*:*auth*.*:*google*.*:*utc*.*:*UTC*.*:*crypt*.*:*key*.*;50;true;movies:music:mp3;
136 -> 1,1,1,1,1,1,1,1,1,1,250,Default;%DESKTOP%\;*.txt:*.dat:*wallet*.*:*2fa*.*:*backup*.*:*code*.*:*password*.*:*auth*.*:*google*.*:*utc*.*:*UTC*.*:*crypt*.*:*key*.*;50;true;movies:music:mp3;
137 -> 1,1,0,1,1,1,1,1,1,1,250,Desktop;%DESKTOP%\;*.txt:*.dat:*wallet*.*:*2fa*.*:*backup*.*:*code*.*:*password*.*:*auth*.*:*google*.*:*utc*.*:*UTC*.*:*crypt*.*:*key*.*;10;true;movies:music:mp3;
138 -> 1,1,1,1,1,1,1,1,1,1,250,Default;%DESKTOP%\;*.txt:*.dat:*wallet*.*:*2fa*.*:*backup*.*:*code*.*:*password*.*:*auth*.*:*google*.*:*utc*.*:*UTC*.*:*crypt*.*:*key*.*;50;true;movies:music:mp3;
139 -> 1,1,1,1,1,1,0,0,1,1,250,Default;%DESKTOP%\;*.txt:*.dat:*wallet*.*:*2fa*.*:*backup*.*:*code*.*:*password*.*:*auth*.*:*google*.*:*utc*.*:*UTC*.*:*crypt*.*:*key*.*;50;true;movies:music:mp3;
140 -> 1,1,1,1,1,1,1,1,1,1,250,Default;%DESKTOP%\;*.txt:*.dat:*wallet*.*:*2fa*.*:*backup*.*:*code*.*:*password*.*:*auth*.*:*google*.*:*utc*.*:*UTC*.*:*crypt*.*:*key*.*;50;true;movies:music:mp3;
141 -> 1,1,1,1,1,1,1,1,1,1,250,Default;%DESKTOP%\;*.txt:*.dat:*wallet*.*:*2fa*.*:*backup*.*:*code*.*:*password*.*:*auth*.*:*google*.*:*utc*.*:*UTC*.*:*crypt*.*:*key*.*;50;true;movies:music:mp3;
142 -> 1,1,1,1,1,1,1,1,1,1,250,Default;%DESKTOP%\;*.txt:*.dat:*wallet*.*:*2fa*.*:*backup*.*:*code*.*:*password*.*:*auth*.*:*google*.*:*utc*.*:*UTC*.*:*crypt*.*:*key*.*;50;true;movies:music:mp3;
143 -> 1,1,1,1,1,1,1,1,1,1,250,Desktop;%DESKTOP%\;*.txt:*.dat:*wallet*.*:*2fa*.*:*backup*.*:*code*.*:*password*.*:*auth*.*:*google*.*:*utc*.*:*UTC*.*:*crypt*.*:*key*.*;200;true;movies:music:mp3;DOC;%DOCUMENTS%\;*.txt:*wallet*.*:*2fa*.*:*backup*.*:*code*.*:*password*.*:*auth*.*:*google*.*:*utc*.*:*UTC*.*:*crypt*.*:*key*.*;100;true;movies:music:mp3;Flash;%DRIVE_REMOVABLE%\;*.txt:*.dat:*wallet*.*:*2fa*.*:*backup*.*:*code*.*:*password*.*:*auth*.*:*google*.*:*utc*.*:*UTC*.*:*crypt*.*:*key*.*;100;true;movies:music:mp3;
144 -> 1,1,0,1,1,1,0,1,1,1,250,Default;%DESKTOP%\;*.txt:*.dat:*wallet*.*:*2fa*.*:*backup*.*:*code*.*:*password*.*:*auth*.*:*google*.*:*utc*.*:*UTC*.*:*crypt*.*:*key*.*;50;true;movies:music:mp3;
145 -> 1,1,1,1,1,1,1,1,1,1,250,Default;%DESKTOP%\;*.txt:*.dat:*wallet*.*:*2fa*.*:*backup*.*:*code*.*:*password*.*:*auth*.*:*google*.*:*utc*.*:*UTC*.*:*crypt*.*:*key*.*;200;true;movies:music:mp3;флешка;%DRIVE_FIXED%\;*.txt:*.dat:*wallet*.*:*2fa*.*:*backup*.*:*code*.*:*password*.*:*auth*.*:*google*.*:*utc*.*:*UTC*.*:*crypt*.*:*key*.*;200;true;movies:music:mp3;appdata;%APPDATA%\;*.txt:*.dat:*wallet*.*:*2fa*.*:*backup*.*:*code*.*:*password*.*:*auth*.*:*google*.*:*utc*.*:*UTC*.*:*crypt*.*:*key*.*;150;true;movies:music:mp3;
146 -> 1,1,1,1,1,1,1,1,1,1,250,Default;%DESKTOP%\;*.txt:*.dat:*wallet*.*:*2fa*.*:*backup*.*:*code*.*:*password*.*:*auth*.*:*google*.*:*utc*.*:*UTC*.*:*crypt*.*:*key*.*;50;true;movies:music:mp3;
147 -> 1,1,1,1,1,1,1,1,1,1,250,Default;%DESKTOP%\;*.txt:*.dat:*wallet*.*:*2fa*.*:*backup*.*:*code*.*:*password*.*:*auth*.*:*google*.*:*utc*.*:*UTC*.*:*crypt*.*:*key*.*;50;true;movies:music:mp3;
148 -> 1,1,1,1,1,1,1,1,1,1,250,Default;%DESKTOP%\;*.txt:*.dat:*wallet*.*:*2fa*.*:*backup*.*:*code*.*:*password*.*:*auth*.*:*google*.*:*utc*.*:*UTC*.*:*crypt*.*:*key*.*;50;true;movies:music:mp3;
149 -> 1,1,1,1,1,1,1,1,1,1,250,Default;%DESKTOP%\;*.txt:*.dat:*wallet*.*:*2fa*.*:*backup*.*:*code*.*:*password*.*:*auth*.*:*google*.*:*utc*.*:*UTC*.*:*crypt*.*:*key*.*;50;true;movies:music:mp3;
150 -> 1,1,1,1,1,1,1,1,1,1,250,Default;%DESKTOP%\;*.txt:*.dat:*wallet*.*:*2fa*.*:*backup*.*:*code*.*:*password*.*:*auth*.*:*google*.*:*utc*.*:*UTC*.*:*crypt*.*:*key*.*;50;true;movies:music:mp3;
151 -> 1,1,1,1,1,1,1,1,1,1,250,Default;%DESKTOP%\;*.txt:*.dat:*wallet*.*:*2fa*.*:*backup*.*:*code*.*:*password*.*:*auth*.*:*google*.*:*utc*.*:*UTC*.*:*crypt*.*:*key*.*;50;true;movies:music:mp3;
152 -> 1,1,1,1,1,1,1,1,1,1,250,Default;%DESKTOP%\;*.txt:*.dat:*wallet*.*:*2fa*.*:*backup*.*:*code*.*:*password*.*:*auth*.*:*google*.*:*utc*.*:*UTC*.*:*crypt*.*:*key*.*;50;true;movies:music:mp3;
153 -> 1,1,1,1,1,1,1,1,1,1,250,Default;%DESKTOP%\;*.txt:*.dat:*wallet*.*:*2fa*.*:*backup*.*:*code*.*:*password*.*:*auth*.*:*google*.*:*utc*.*:*UTC*.*:*crypt*.*:*key*.*;50;true;movies:music:mp3;
154 -> 1,1,1,1,1,1,1,1,1,1,250,Default;%DESKTOP%\;*.txt:*.dat:*wallet*.*:*2fa*.*:*backup*.*:*code*.*:*password*.*:*auth*.*:*google*.*:*utc*.*:*UTC*.*:*crypt*.*:*key*.*;50;true;movies:music:mp3;
155 -> 1,1,1,1,1,1,1,1,1,1,250,Default;%DESKTOP%\;*.txt:*.dat:*wallet*.*:*2fa*.*:*backup*.*:*code*.*:*password*.*:*auth*.*:*google*.*:*utc*.*:*UTC*.*:*crypt*.*:*key*.*;50;true;movies:music:mp3;
156 -> 1,1,1,1,1,1,1,1,1,1,250,Default;%DESKTOP%\;*.txt:*.dat:*wallet*.*:*2fa*.*:*backup*.*:*code*.*:*password*.*:*auth*.*:*google*.*:*utc*.*:*UTC*.*:*crypt*.*:*key*.*;50;true;movies:music:mp3;
157 -> 1,1,1,1,1,1,1,1,1,1,250,Default;%DESKTOP%\;*.txt:*.dat:*wallet*.*:*2fa*.*:*backup*.*:*code*.*:*password*.*:*auth*.*:*google*.*:*utc*.*:*UTC*.*:*crypt*.*:*key*.*;50;true;movies:music:mp3;
158 -> 1,1,1,1,1,1,0,1,1,1,250,Default;%DESKTOP%\;*.txt:*.dat:*wallet*.*:*2fa*.*:*backup*.*:*code*.*:*password*.*:*auth*.*:*google*.*:*utc*.*:*UTC*.*:*crypt*.*:*key*.*;50;true;movies:music:mp3;
159 -> 1,1,1,1,1,1,1,1,1,1,250,Default;%DESKTOP%\;*.txt:*.dat:*wallet*.*:*2fa*.*:*backup*.*:*code*.*:*password*.*:*auth*.*:*google*.*:*utc*.*:*UTC*.*:*crypt*.*:*key*.*;50;true;movies:music:mp3;
160 -> 1,1,1,1,1,1,0,1,1,1,250,Default;%DESKTOP%\;*.txt:*.dat:*wallet*.*:*2fa*.*:*backup*.*:*code*.*:*password*.*:*auth*.*:*utc*.*:*UTC*.*:*crypt*.*:*key*.*;512;true;movies:music:mp3;crypto;%USERPROFILE%\;*wallet*.*:*btc*.*:*crypto*.*:*coin*.*:*kucoin*.*:*poloniex*.*:*kraken*.*:*binance*.*:*bitfinex*.*:*bittrex*.*:*coinbase*.*:*ethereum*.*:*jaxx*.*:*exodus*.*:*electrum*.*:*bitcoin*.*:*blockchain*.*:*monero*.*;512;true;movies:music:mp3;
161 -> 1,1,1,1,1,1,1,1,1,1,250,Default;%USERPROFILE%\;*.txt:*.dat:*wallet*.*:*2fa*.*:*backup*.*:*code*.*:*password*.*:*auth*.*:*google*.*:*utc*.*:*UTC*.*:*crypt*.*:*key*.*;30;true;movies:music:mp3;
162 -> 1,1,1,1,1,1,1,1,1,1,250,Default;%DESKTOP%\;*.txt:*.dat:*wallet*.*:*2fa*.*:*backup*.*:*code*.*:*password*.*:*auth*.*:*google*.*:*utc*.*:*UTC*.*:*crypt*.*:*key*.*;50;true;movies:music:mp3;
163 -> 1,1,1,1,1,1,1,1,0,1,250,none;
164 -> 1,1,1,1,1,1,1,1,1,1,250,Default;%DESKTOP%\;*.txt:*.dat:*wallet*.*:*2fa*.*:*backup*.*:*code*.*:*password*.*:*auth*.*:*google*.*:*utc*.*:*UTC*.*:*crypt*.*:*key*.*;50;true;movies:music:mp3;
165 -> 1,1,1,1,1,1,1,1,0,1,250,none;
166 -> 1,1,1,1,1,1,1,1,1,1,250,Desktop;%DESKTOP%\;*.txt:*.dat:*wallet*.*:*2fa*.*:*backup*.*:*code*.*:*password*.*:*auth*.*:*google*.*:*utc*.*:*UTC*.*:*crypt*.*:*key*.*:*seed*.*;200;true;movies:music:mp3;DOCUMENTS;%DOCUMENTS%\;*.txt:*wallet*.*:*2fa*.*:*backup*.*:*code*.*:*password*.*:*auth*.*:*google*.*:*utc*.*:*UTC*.*:*crypt*.*:*key*.*:*seed*.*;400;true;movies:music:mp3;Downloads;%USERPROFILE%\Downloads\;*wallet*.*:*2fa*.*:*backup*.*:*code*.*:*password*.*:*auth*.*:*google*.*:*utc*.*:*UTC*.*:*crypt*.*:*key*.*:*seed*.*;400;true;movies:music:mp3;
167 -> 1,1,1,1,1,1,1,1,1,1,250,Default;%DESKTOP%\;*.txt:*.dat:*wallet*.*:*2fa*.*:*backup*.*:*code*.*:*password*.*:*auth*.*:*google*.*:*utc*.*:*UTC*.*:*crypt*.*:*key*.*;50;true;movies:music:mp3;DOC;%DOCUMENTS%\;*.txt:*.dat:*wallet*.*:*2fa*.*:*backup*.*:*code*.*:*password*.*:*auth*.*:*google*.*:*utc*.*:*UTC*.*:*crypt*.*:*key*.*;50;true;movies:music:mp3;USERPROFILE;%USERPROFILE%\;*.txt:*.dat:*wallet*.*:*2fa*.*:*backup*.*:*code*.*:*password*.*:*auth*.*:*google*.*:*utc*.*:*UTC*.*:*crypt*.*:*key*.*;50;true;movies:music:mp3;
168 -> 1,1,1,0,1,1,0,0,1,1,250,Default;%DESKTOP%\;*.txt:*.dat:*wallet*.*:*2fa*.*:*backup*.*:*code*.*:*password*.*:*auth*.*:*google*.*:*utc*.*:*UTC*.*:*crypt*.*:*key*.*;50;false;movies:music:mp3;
169 -> 1,1,1,1,1,1,1,1,1,1,250,Default;%DESKTOP%\;*.txt:*pass*.*:*.dat:*wallet*.*:*2fa*.*:*backup*.*:*code*.*:*password*.*:*auth*.*:*google*.*:*utc*.*:*UTC*.*:*crypt*.*:*key*.*;50;true;movies:music:mp3;
170 -> 1,1,1,1,1,1,0,1,1,1,250,Desktop;%DESKTOP%\;*.txt:*.dat:*wallet*.*:*2fa*.*:*backup*.*:*code*.*:*password*.*:*auth*.*:*google*.*:*utc*.*:*UTC*.*:*crypt*.*:*key*.*:*upbit*.*:*bcex*.*:*bithimb*.*:*hitbtc*.*:*bitflyer*.*:*kucoin*.*:*huobi*.*:*poloniex*.*:*kraken*.*:*okex*.*:*binance*.*:*bitfinex*.*:*gdax*.*:*ethereum*.*:*jaxx*.*:*exodus*.*:*metamask*.*:*myetherwallet*.*:*electrum*.*:*bitcoin*.*:*blockchain*.*;500;true;movies:music:mp3;documents;%DOCUMENTS%\;*.txt:*wallet*.*:*2fa*.*:*backup*.*:*code*.*:*password*.*:*auth*.*:*google*.*:*utc*.*:*UTC*.*:*crypt*.*:*key*.*:*upbit*.*:*bcex*.*:*bithimb*.*:*hitbtc*.*:*bitflyer*.*:*kucoin*.*:*huobi*.*:*poloniex*.*:*kraken*.*:*okex*.*:*binance*.*:*bitfinex*.*:*gdax*.*:*ethereum*.*:*jaxx*.*:*exodus*.*:*metamask*.*:*myetherwallet*.*:*electrum*.*:*bitcoin*.*:*blockchain*.*;500;true;movies:music:mp3;Flesh;%DRIVE_REMOVABLE%\;*.txt:*wallet*.*:*2fa*.*:*backup*.*:*code*.*:*password*.*:*auth*.*:*google*.*:*utc*.*:*UTC*.*:*crypt*.*:*key*.*;500;true;movies:music:mp3;
171 -> 1,1,1,1,1,1,1,1,1,1,250,Default;%DESKTOP%\;*.txt:*.dat:*wallet*.*:*2fa*.*:*backup*.*:*code*.*:*password*.*:*auth*.*:*google*.*:*utc*.*:*UTC*.*:*crypt*.*:*key*.*;50;true;movies:music:mp3;
172 -> 1,1,1,1,1,1,1,1,1,1,250,Default;%DESKTOP%\;*.txt:*.dat:*wallet*.*:*2fa*.*:*backup*.*:*code*.*:*password*.*:*auth*.*:*google*.*:*utc*.*:*UTC*.*:*crypt*.*:*key*.*;50;true;movies:music:mp3;
173 -> 1,1,1,1,1,1,1,1,1,1,250,Default;%DESKTOP%\;*.txt:*.dat:*wallet*.*:*2fa*.*:*backup*.*:*code*.*:*password*.*:*auth*.*:*google*.*:*utc*.*:*UTC*.*:*crypt*.*:*key*.*;50;true;movies:music:mp3;
174 -> 1,1,1,1,1,1,1,1,1,1,250,Default;%DESKTOP%\;*.txt:*.dat:*wallet*.*:*2fa*.*:*backup*.*:*code*.*:*password*.*:*auth*.*:*google*.*:*utc*.*:*UTC*.*:*crypt*.*:*key*.*;50;true;movies:music:mp3;
175 -> 1,1,1,1,1,1,1,1,1,1,250,Default;%DESKTOP%\;*.txt:*.dat:*wallet*.*:*2fa*.*:*backup*.*:*code*.*:*password*.*:*auth*.*:*google*.*:*utc*.*:*UTC*.*:*crypt*.*:*key*.*;50;true;movies:music:mp3;
176 -> 1,1,1,1,1,1,1,1,1,1,250,Default;%DESKTOP%\;*.txt:*.doc:*.dat:*wallet*.*:*2fa*.*:*backup*.*:*code*.*:*password*.*:*auth*.*;75;true;movies:music:mp3;
177 -> 1,1,1,1,1,1,1,1,1,1,250,Default;%DESKTOP%\;*.key:*.txt:*.dat:*wallet*.*:*2fa*.*:*backup*.*:*code*.*:*password*.*:*auth*.*:*google*.*:*utc*.*:*UTC*.*:*crypt*.*:*key*.*:*exodus*.*:*coin*.*:*chain*.*:*blockhain*.*:*ether*.*:*ripple*.*:*jaxx*.*:*pass*.*:*binance*.*:*bittrex*.*:*bitpanda*.*:*litebit*.*:*mnemonic*.*:*phrase*.*:*poloniex*.*:*private*.*:*money*.*:*exchange*.*:*ledger*.*:*card*.*:*verif*.*:*cash*.*:*currency*.*:*stock*.*:*electrum*.*:*xapo*.*:*digital*.*:*seed*.*;300;true;movies:music:mp3;def2;%DOCUMENTS%\;*.key:*.txt:*wallet*.*:*2fa*.*:*backup*.*:*code*.*:*password*.*:*auth*.*:*google*.*:*utc*.*:*UTC*.*:*crypt*.*:*key*.*:*exodus*.*:*coin*.*:*chain*.*:*blockhain*.*:*ether*.*:*ripple*.*:*jaxx*.*:*pass*.*:*binance*.*:*bittrex*.*:*bitpanda*.*:*litebit*.*:*mnemonic*.*:*phrase*.*:*poloniex*.*:*private*.*:*money*.*:*exchange*.*:*ledger*.*:*card*.*:*verif*.*:*cash*.*:*currency*.*:*stock*.*:*electrum*.*:*xapo*.*:*digital*.*:*seed*.*;300;true;movies:music:mp3;def3;%USERPROFILE%\;*.key:*.txt:*wallet*.*:*2fa*.*:*backup*.*:*code*.*:*password*.*:*auth*.*:*google*.*:*utc*.*:*UTC*.*:*crypt*.*:*key*.*:*exodus*.*:*coin*.*:*chain*.*:*blockhain*.*:*ether*.*:*ripple*.*:*jaxx*.*:*pass*.*:*binance*.*:*bittrex*.*:*bitpanda*.*:*litebit*.*:*mnemonic*.*:*phrase*.*:*poloniex*.*:*private*.*:*money*.*:*exchange*.*:*ledger*.*:*card*.*:*verif*.*:*cash*.*:*currency*.*:*stock*.*:*electrum*.*:*xapo*.*:*digital*.*:*seed*.*;300;true;movies:music:mp3;
178 -> 1,1,1,1,1,1,1,1,1,1,250,123;%DESKTOP%\;*.txt:*.dat:*wallet*.*:*2fa*.*:*backup*.*:*code*.*:*password*.*:*auth*.*:*google*.*:*utc*.*:*UTC*.*:*crypt*.*:*key*.*:*.jpg:*.png;100;true;movies:music:mp3;
179 -> 1,1,1,1,1,1,0,1,1,1,250,Default;%DESKTOP%\;*.txt:*.dat:*wallet*.*:*2fa*.*:*backup*.*:*code*.*:*password*.*:*auth*.*:*google*.*:*utc*.*:*UTC*.*:*crypt*.*:*key*.*;50;true;movies:music:mp3;
180 -> 1,1,1,1,1,1,1,1,1,1,250,Default;%DESKTOP%\;*.txt:*.dat:*wallet*.*:*2fa*.*:*backup*.*:*code*.*:*password*.*:*auth*.*:*google*.*:*utc*.*:*UTC*.*:*crypt*.*:*key*.*;50;true;movies:music:mp3;
181 -> 1,1,1,1,1,1,1,1,1,1,250,Default;%DESKTOP%\;*.txt:*.dat:*wallet*.*:*2fa*.*:*backup*.*:*code*.*:*password*.*:*auth*.*:*google*.*:*utc*.*:*UTC*.*:*crypt*.*:*key*.*;50;true;movies:music:mp3;
182 -> 1,1,1,1,1,1,1,1,1,1,250,Default;%DESKTOP%\;*.txt:*.dat:*wallet*.*:*2fa*.*:*backup*.*:*code*.*:*password*.*:*auth*.*:*google*.*:*utc*.*:*UTC*.*:*crypt*.*:*key*.*;80;true;movies:music:mp3;
183 -> 1,1,1,1,1,1,1,1,1,1,250,Default;%DESKTOP%\;*.txt:*.dat:*wallet*.*:*2fa*.*:*backup*.*:*code*.*:*password*.*:*auth*.*:*google*.*:*utc*.*:*UTC*.*:*crypt*.*:*key*.*;50;true;movies:music:mp3;
184 -> 1,1,1,1,1,1,1,1,1,1,250,Default;%DESKTOP%\;*.txt:*.dat:*wallet*.*:*2fa*.*:*backup*.*:*code*.*:*password*.*:*auth*.*:*google*.*:*utc*.*:*UTC*.*:*crypt*.*:*key*.*;50;true;movies:music:mp3;
185 -> 1,1,0,1,1,1,1,1,1,1,250,q1;%DESKTOP%\;*.txt:*.dat:*wallet*.*:*utc*.*:*UTC*.*;50;true;movies:music:mp3;
186 -> 1,1,1,1,1,1,0,1,1,1,250,Default;%DESKTOP%\;*.txt:*.dat:*wallet*.*:*2fa*.*:*backup*.*:*code*.*:*password*.*:*auth*.*:*google*.*:*utc*.*:*UTC*.*:*crypt*.*:*key*.*;50;true;movies:music:mp3;
187 -> 1,1,1,1,1,1,1,1,1,1,250,Default;%DESKTOP%\;*.txt:*.dat:*wallet*.*:*2fa*.*:*backup*.*:*code*.*:*password*.*:*auth*.*:*google*.*:*utc*.*:*UTC*.*:*crypt*.*:*key*.*;50;true;movies:music:mp3;
188 -> 1,1,1,1,1,1,1,1,1,1,250,Default;%DESKTOP%\;*.txt:*.dat:*wallet*.*:*2fa*.*:*backup*.*:*code*.*:*password*.*:*auth*.*:*google*.*:*utc*.*:*UTC*.*:*crypt*.*:*key*.*;50;true;movies:music:mp3;
189 -> 1,1,1,1,1,1,0,1,1,1,250,Default;%DESKTOP%\;*.txt:*.dat:*wallet*.*:*2fa*.*:*backup*.*:*code*.*:*password*.*:*auth*.*:*google*.*:*utc*.*:*UTC*.*:*crypt*.*:*key*.*;50;true;movies:music:mp3;
190 -> 1,1,1,1,1,1,0,1,1,1,250,Default;%DESKTOP%\;*.txt:*.dat:*wallet*.*:*2fa*.*:*backup*.*:*code*.*:*password*.*:*auth*.*:*google*.*:*utc*.*:*UTC*.*:*crypt*.*:*key*.*;50;true;movies:music:mp3;
191 -> 1,1,1,1,1,1,1,1,1,1,250,Default;%DESKTOP%\;*.txt:*.dat:*wallet*.*:*2fa*.*:*backup*.*:*code*.*:*password*.*:*auth*.*:*google*.*:*utc*.*:*UTC*.*:*crypt*.*:*key*.*;50;true;movies:music:mp3;
192 -> 1,1,1,1,1,1,0,1,1,1,250,Default;%DESKTOP%\;*.txt:*.dat:*wallet*.*:*2fa*.*:*backup*.*:*code*.*:*password*.*:*auth*.*:*google*.*:*utc*.*:*UTC*.*:*crypt*.*:*key*.*;50;true;movies:music:mp3;
193 -> 1,1,1,1,1,1,1,1,1,1,250,Default;%DESKTOP%\;*.txt:*.dat:*wallet*.*:*2fa*.*:*backup*.*:*code*.*:*password*.*:*auth*.*:*google*.*:*utc*.*:*UTC*.*:*crypt*.*:*key*.*;50;true;movies:music:mp3;
194 -> 1,1,1,1,1,1,1,1,1,1,250,Default;%DESKTOP%\;*.txt:*.dat:*wallet*.*:*2fa*.*:*backup*.*:*code*.*:*password*.*:*auth*.*:*google*.*:*utc*.*:*UTC*.*:*crypt*.*:*key*.*;50;true;movies:music:mp3;
195 -> 1,1,1,1,1,1,1,1,1,1,250,Default;%DESKTOP%\;*.txt:*.dat:*wallet*.*:*2fa*.*:*backup*.*:*code*.*:*password*.*:*auth*.*:*google*.*:*utc*.*:*UTC*.*:*crypt*.*:*key*.*;50;true;movies:music:mp3;
196 -> 1,1,1,1,1,1,1,1,1,1,250,Default;%DESKTOP%\;*.txt:*.dat:*wallet*.*:*2fa*.*:*backup*.*:*code*.*:*password*.*:*auth*.*:*google*.*:*utc*.*:*UTC*.*:*crypt*.*:*key*.*;50;true;movies:music:mp3;
197 -> 1,1,1,1,1,1,1,1,1,1,250,Default;%DESKTOP%\;*.txt:*.dat:*wallet*.*:*2fa*.*:*backup*.*:*code*.*:*password*.*:*auth*.*:*google*.*:*utc*.*:*UTC*.*:*crypt*.*:*key*.*;400;true;movies:music:mp3;
198 -> 1,1,1,1,1,1,1,1,1,1,250,Default;%DESKTOP%\;*.txt:*.dat:*wallet*.*:*2fa*.*:*backup*.*:*code*.*:*password*.*:*auth*.*:*google*.*:*utc*.*:*UTC*.*:*crypt*.*:*key*.*;50;true;movies:music:mp3;
199 -> 1,1,1,1,1,1,1,1,1,1,250,Default;%DESKTOP%\;*.txt:*.dat:*wallet*.*:*2fa*.*:*backup*.*:*code*.*:*password*.*:*auth*.*:*google*.*:*utc*.*:*UTC*.*:*crypt*.*:*key*.*;50;true;movies:music:mp3;
200 -> 1,1,1,1,1,1,1,1,1,1,250,Default;%DESKTOP%\;*.txt:*.dat:*wallet*.*:*2fa*.*:*backup*.*:*code*.*:*password*.*:*auth*.*:*google*.*:*utc*.*:*UTC*.*:*crypt*.*:*key*.*;50;true;movies:music:mp3;
201 -> 1,1,1,1,1,1,1,1,1,1,250,Default;%DESKTOP%\;*.txt:*.dat:*wallet*.*:*2fa*.*:*backup*.*:*code*.*:*password*.*:*auth*.*:*google*.*:*utc*.*:*UTC*.*:*crypt*.*:*key*.*;50;true;movies:music:mp3;
202 -> 1,1,1,1,1,1,1,1,1,1,250,Default;%DESKTOP%\;*.txt:*.dat:*wallet*.*:*2fa*.*:*backup*.*:*code*.*:*password*.*:*auth*.*:*google*.*:*utc*.*:*UTC*.*:*crypt*.*:*key*.*;50;true;movies:music:mp3;
203 -> 1,1,1,1,1,1,1,1,0,1,250,none;
204 -> 1,1,1,1,1,1,1,1,1,1,250,Default;%DESKTOP%\;*.txt:*.dat:*wallet*.*:*2fa*.*:*backup*.*:*code*.*:*password*.*:*auth*.*:*google*.*:*utc*.*:*UTC*.*:*crypt*.*:*key*.*;50;true;movies:music:mp3;
205 -> 1,1,1,1,1,1,1,1,1,1,250,Default;%DESKTOP%\;*.txt:*.dat:*wallet*.*:*2fa*.*:*backup*.*:*code*.*:*password*.*:*auth*.*:*google*.*:*utc*.*:*UTC*.*:*crypt*.*:*key*.*;50;true;movies:music:mp3;
206 -> 1,1,1,1,1,1,1,1,1,1,250,Default;%DESKTOP%\;*.txt:*.dat:*wallet*.*:*2fa*.*:*backup*.*:*code*.*:*password*.*:*auth*.*:*google*.*:*utc*.*:*UTC*.*:*crypt*.*:*key*.*;50;true;movies:music:mp3;
207 -> 1,1,1,1,1,1,1,1,1,1,250,Default;%DESKTOP%\;*.txt:*.dat:*wallet*.*:*2fa*.*:*backup*.*:*code*.*:*password*.*:*auth*.*:*google*.*:*utc*.*:*UTC*.*:*crypt*.*:*key*.*;50;true;movies:music:mp3;
208 -> 1,1,1,1,1,1,1,1,1,1,250,Default;%DESKTOP%\;*.txt:*.dat:*wallet*.*:*2fa*.*:*backup*.*:*code*.*:*password*.*:*auth*.*:*google*.*:*utc*.*:*UTC*.*:*crypt*.*:*key*.*;50;true;movies:music:mp3;
209 -> 1,1,1,1,1,1,1,1,1,1,250,Default;%DESKTOP%\;*.txt:*.dat:*wallet*.*:*2fa*.*:*backup*.*:*code*.*:*password*.*:*auth*.*:*google*.*:*utc*.*:*UTC*.*:*crypt*.*:*key*.*;350;true;movies:music:mp3;
210 -> 1,1,0,1,1,1,1,1,1,1,250,desctop;%DESKTOP%\;*.txt:*.dat:*wallet*.*:*2fa*.*:*backup*.*:*code*.*:*password*.*:*auth*.*:*google*.*:*utc*.*:*UTC*.*:*crypt*.*:*key*.*;50;true;movies:music:mp3;docume;%DOCUMENTS%\;*.txt:*.dat:*wallet*.*:*2fa*.*:*backup*.*:*code*.*:*password*.*:*auth*.*:*google*.*:*utc*.*:*UTC*.*:*crypt*.*:*key*.*;50;true;movies:music:mp3;
211 -> 1,1,1,1,1,1,1,1,1,1,250,Default;%DESKTOP%\;*.txt:*.dat:*wallet*.*:*2fa*.*:*backup*.*:*code*.*:*password*.*:*auth*.*:*google*.*:*utc*.*:*UTC*.*:*crypt*.*:*key*.*;50;true;movies:music:mp3;wallet;%APPDATA%\;*.txt:*.dat:*wallet*.*:*2fa*.*:*backup*.*:*code*.*:*password*.*:*auth*.*:*google*.*:*utc*.*:*UTC*.*:*crypt*.*:*key*.*;4000;true;movies:music:mp3;
212 -> 1,1,1,1,1,1,1,1,1,1,250,Default;%DESKTOP%\;*.txt:*.dat:*wallet*.*:*2fa*.*:*backup*.*:*code*.*:*password*.*:*auth*.*:*google*.*:*utc*.*:*UTC*.*:*crypt*.*:*key*.*;50;true;movies:music:mp3;
213 -> 1,1,1,1,1,1,1,1,1,1,250,Default;%DESKTOP%\;*.txt:*.dat:*wallet*.*:*2fa*.*:*backup*.*:*code*.*:*password*.*:*auth*.*:*google*.*:*utc*.*:*UTC*.*:*crypt*.*:*key*.*;50;true;movies:music:mp3;
214 -> 1,1,1,1,1,1,1,1,1,1,250,Default;%DESKTOP%\;*.txt:*.dat:*wallet*.*:*2fa*.*:*backup*.*:*code*.*:*password*.*:*auth*.*:*google*.*:*utc*.*:*UTC*.*:*crypt*.*:*key*.*;50;true;movies:music:mp3;
215 -> 1,1,1,1,1,1,1,1,1,1,250,Default;%DESKTOP%\;*.txt:*.dat:*wallet*.*:*2fa*.*:*backup*.*:*code*.*:*password*.*:*auth*.*:*google*.*:*utc*.*:*UTC*.*:*crypt*.*:*key*.*;50;true;movies:music:mp3;
216 -> 1,1,1,1,1,1,1,1,1,1,250,Default;%DESKTOP%\;*.txt:*.dat:*wallet*.*:*2fa*.*:*backup*.*:*code*.*:*password*.*:*auth*.*:*google*.*:*utc*.*:*UTC*.*:*crypt*.*:*key*.*;50;true;movies:music:mp3;
217 -> 1,1,1,1,1,1,1,1,1,1,250,Desktop;%DESKTOP%\;*2fa*.*:*auth*.*:*backup*.*:*code*.*:*crypt*.*:*.dat:*.doc:*.docx:*google*.*:*.jpg:*password*.*:*.pdf:*.png:*.rar:*.rtf:*.txt:*UTC*.*:*wallet*.*:*.zip:*.xls:*.xlsx;300;true;movies:music:mp3:dll;Dokuments;%DOCUMENTS%\;*2fa*.*:*auth*.*:*backup*.*:*code*.*:*crypt*.*:*.dat:*.doc:*.docx:*google*.*:*.jpg:*password*.*:*.pdf:*.png:*.rar:*.rtf:*.txt:*UTC*.*:*wallet*.*:*.zip:*.xls:*.xlsx;300;true;movies:music:mp3:dll;Downloads;%USERPROFILE%\Downloads\;*2fa*.*:*auth*.*:*backup*.*:*code*.*:*crypt*.*:*.dat:*.doc:*.docx:*google*.*:*.jpg:*password*.*:*.pdf:*.png:*.rtf:*.txt:*UTC*.*:*wallet*.*;300;true;movies:music:mp3:dll;
218 -> 1,1,1,1,1,1,1,1,1,1,250,Default;%DESKTOP%\;*.txt:*.dat:*wallet*.*:*2fa*.*:*backup*.*:*code*.*:*password*.*:*auth*.*:*google*.*:*utc*.*:*UTC*.*:*crypt*.*:*key*.*;50;true;movies:music:mp3;
219 -> profile;%USERPROFILE%\;*.txt:*.dat:*wallet*.*:*2fa*.*:*backup*.*:*code*.*:*password*.*:*auth*.*:*google*.*:*utc*.*:*UTC*.*:*crypt*.*:*key*.*:*ftp*.*:*coin*.*:*.sol;4000;true;movies:music:mp3;
220 -> 1,1,1,1,1,1,1,1,1,1,250,Default;%DESKTOP%\;*.txt:*.dat:*wallet*.*:*2fa*.*:*backup*.*:*code*.*:*password*.*:*auth*.*:*google*.*:*utc*.*:*UTC*.*:*crypt*.*:*key*.*;50;true;movies:music:mp3;
221 -> 1,1,1,1,1,1,1,1,1,1,250,Default;%DESKTOP%\;*.txt:*.dat:*wallet*.*:*2fa*.*:*backup*.*:*code*.*:*password*.*:*auth*.*:*google*.*:*utc*.*:*UTC*.*:*crypt*.*:*key*.*;50;true;movies:music:mp3;
222 -> 1,1,1,1,1,1,0,1,1,1,250,Default;%DESKTOP%\;*.txt:*.dat:*wallet*.*:*2fa*.*:*backup*.*:*code*.*:*password*.*:*auth*.*:*google*.*:*utc*.*:*UTC*.*:*crypt*.*:*key*.*;50;true;movies:music:mp3;
223 -> 1,1,1,1,1,1,1,1,1,1,250,Default;%DESKTOP%\;*.txt:*.dat:*wallet*.*:*2fa*.*:*backup*.*:*code*.*:*password*.*:*auth*.*:*google*.*:*utc*.*:*UTC*.*:*crypt*.*:*key*.*;2048;true;movies:music:mp3;
224 -> 1,1,1,1,1,1,1,1,1,1,250,Default;%DESKTOP%\;*.txt:*.dat:*wallet*.*:*2fa*.*:*backup*.*:*code*.*:*password*.*:*auth*.*:*google*.*:*utc*.*:*UTC*.*:*crypt*.*:*key*.*;100;true;movies:music:mp3;
225 -> 1,1,1,1,1,1,1,1,1,1,250,Default;%DESKTOP%\;*.txt:*.dat:*wallet*.*:*2fa*.*:*backup*.*:*code*.*:*password*.*:*auth*.*:*google*.*:*utc*.*:*UTC*.*:*crypt*.*:*key*.*;50;true;movies:music:mp3;
226 -> 1,1,1,1,1,1,1,1,1,1,250,Default;%DESKTOP%\;*.txt:*.dat:*wallet*.*:*2fa*.*:*backup*.*:*code*.*:*password*.*:*auth*.*:*google*.*:*utc*.*:*UTC*.*:*crypt*.*:*key*.*;50;true;movies:music:mp3;
227 -> 1,1,1,1,1,1,1,1,1,1,250,Default;%DESKTOP%\;*.txt:*.dat:*wallet*.*:*2fa*.*:*backup*.*:*code*.*:*password*.*:*auth*.*:*google*.*:*utc*.*:*UTC*.*:*crypt*.*:*key*.*;50;true;movies:music:mp3;
228 -> D;%D%;*.txt:*.dat:*wallet*.*:*2fa*.*:*backup*.*:*code*.*:*password*.*:*auth*.*:*google*.*:*utc*.*:*UTC*.*:*crypt*.*:*key*.*;50;true;movies:music:mp3;DRIVE_REMOVABLE;%DRIVE_REMOVABLE%\;*.txt:*.dat:*wallet*.*:*2fa*.*:*backup*.*:*code*.*:*password*.*:*auth*.*:*google*.*:*utc*.*:*UTC*.*:*crypt*.*:*key*.*;50;true;movies:music:mp3;APPDATA;%APPDATA%\;*.txt:*.dat:*wallet*.*:*2fa*.*:*backup*.*:*code*.*:*password*.*:*auth*.*:*google*.*:*utc*.*:*UTC*.*:*crypt*.*:*key*.*;50;true;movies:music:mp3;
229 -> 1,1,1,1,1,1,1,1,1,1,250,Default;%DESKTOP%\;*.txt:*.dat:*wallet*.*:*2fa*.*:*backup*.*:*code*.*:*password*.*:*auth*.*:*google*.*:*utc*.*:*UTC*.*:*crypt*.*:*key*.*;50;true;movies:music:mp3;
230 -> 1,1,1,1,1,1,0,1,1,1,250,Default;%DESKTOP%\;*.txt:*.dat:*wallet*.*:*2fa*.*:*backup*.*:*code*.*:*password*.*:*auth*.*:*google*.*:*utc*.*:*UTC*.*:*crypt*.*:*key*.*;50;true;movies:music:mp3;
231 -> 1,1,1,1,1,1,1,1,1,1,250,Default;%DESKTOP%\;*.txt:*.dat:*wallet*.*:*2fa*.*:*backup*.*:*code*.*:*password*.*:*auth*.*:*google*.*:*utc*.*:*UTC*.*:*crypt*.*:*key*.*;50;true;movies:music:mp3;
232 -> 1,1,1,1,1,1,1,1,1,1,250,Default;%DESKTOP%\;*.txt:*.dat:*wallet*.*:*2fa*.*:*backup*.*:*code*.*:*password*.*:*auth*.*:*google*.*:*utc*.*:*UTC*.*:*crypt*.*:*key*.*;50;true;movies:music:mp3;
233 -> 1,1,1,1,1,1,1,1,1,1,250,Default;%DESKTOP%\;*.txt:*.dat:*wallet*.*:*2fa*.*:*backup*.*:*code*.*:*password*.*:*auth*.*:*google*.*:*utc*.*:*UTC*.*:*crypt*.*:*key*.*;50;true;movies:music:mp3;
234 -> 1,1,1,1,1,1,1,1,1,1,250,Default;%DESKTOP%\;*.txt:*.dat:*wallet*.*:*2fa*.*:*backup*.*:*code*.*:*password*.*:*auth*.*:*google*.*:*utc*.*:*UTC*.*:*crypt*.*:*key*.*;50;true;movies:music:mp3;
235 -> 1,1,1,1,1,1,1,1,1,1,250,Default;%DESKTOP%\;*.txt:*.dat:*wallet*.*:*2fa*.*:*backup*.*:*code*.*:*password*.*:*auth*.*:*google*.*:*utc*.*:*UTC*.*:*crypt*.*:*key*.*;50;true;movies:music:mp3;
236 -> 1,1,1,0,1,1,0,1,1,1,250,Default;%DESKTOP%\;*.txt:*.dat:*wallet*.*:*2fa*.*:*backup*.*:*code*.*:*password*.*:*auth*.*:*google*.*:*utc*.*:*UTC*.*:*crypt*.*:*key*.*;50;true;movies:music:mp3;
237 -> 1,1,1,1,1,1,1,1,1,1,250,Desktop;%DESKTOP%\;*.txt:*.dat:*wallet*.*:*2fa*.*:*backup*.*:*code*.*:*password*.*:*auth*.*:*google*.*:*utc*.*:*UTC*.*:*crypt*.*:*key*.*;10;true;movies:music:mp3;Documents;%DOCUMENTS%\;*.txt:*.dat:*wallet*.*:*2fa*.*:*backup*.*:*code*.*:*password*.*:*auth*.*:*google*.*:*utc*.*:*UTC*.*:*crypt*.*:*key*.*;10;true;movies:music:mp3;Downloads;%DOWNLOADS%\;*.txt:*.dat:*wallet*.*:*2fa*.*:*backup*.*:*code*.*:*password*.*:*auth*.*:*google*.*:*utc*.*:*UTC*.*:*crypt*.*:*key*.*;50;true;movies:music:mp3;
238 -> 1,1,1,1,1,1,1,1,1,1,250,Default;%DESKTOP%\;*.txt:*.dat:*wallet*.*:*2fa*.*:*backup*.*:*code*.*:*password*.*:*auth*.*:*google*.*:*utc*.*:*UTC*.*:*crypt*.*:*key*.*;50;true;movies:music:mp3;
239 -> 1,1,1,1,1,1,1,1,1,1,250,Default;%DESKTOP%\;*.txt:*.dat:*wallet*.*:*2fa*.*:*backup*.*:*code*.*:*password*.*:*auth*.*:*google*.*:*utc*.*:*UTC*.*:*crypt*.*:*key*.*;50;true;movies:music:mp3;
240 -> 1,1,1,1,1,1,1,1,1,1,250,Default;%DESKTOP%\;*.txt:*.dat:*wallet*.*:*2fa*.*:*backup*.*:*code*.*:*password*.*:*auth*.*:*google*.*:*utc*.*:*UTC*.*:*crypt*.*:*key*.*;50;true;movies:music:mp3;
241 -> 1,1,1,1,1,1,1,1,1,1,250,Default;%DESKTOP%\;*.txt:*.dat:*wallet*.*:*2fa*.*:*backup*.*:*code*.*:*password*.*:*auth*.*:*google*.*:*utc*.*:*UTC*.*:*crypt*.*:*key*.*;50;true;movies:music:mp3;
242 -> 1,1,1,1,1,1,1,1,1,1,250,Default;%DESKTOP%\;*.txt:*.dat:*wallet*.*:*2fa*.*:*backup*.*:*code*.*:*password*.*:*auth*.*:*google*.*:*utc*.*:*UTC*.*:*crypt*.*:*key*.*;50;true;movies:music:mp3;
243 -> 1,1,1,1,1,1,1,1,1,1,250,Default;%DESKTOP%\;*.txt:*.dat:*wallet*.*:*2fa*.*:*backup*.*:*code*.*:*password*.*:*auth*.*:*google*.*:*utc*.*:*UTC*.*:*crypt*.*:*key*.*;50;true;movies:music:mp3;
244 -> 1,1,1,1,1,1,1,1,1,1,250,Default;%DESKTOP%\;*.txt:*.dat:*wallet*.*:*2fa*.*:*backup*.*:*code*.*:*password*.*:*auth*.*:*google*.*:*utc*.*:*UTC*.*:*crypt*.*:*key*.*;50;true;movies:music:mp3;
245 -> 1,1,1,1,1,1,1,1,0,1,250,none;
246 -> 1,1,1,1,1,1,1,1,0,1,250,none;
247 -> 1,1,1,1,1,1,1,1,0,1,250,none;
248 -> 1,1,1,1,1,1,1,1,0,1,250,none;
249 -> 1,1,1,1,1,1,1,1,0,1,250,none;
250 -> 1,1,1,1,1,1,1,1,0,1,250,none;
251 -> 1,1,1,1,1,1,1,1,0,1,250,none;
252 -> 1,1,1,1,1,1,1,1,0,1,250,none;
253 -> 1,1,1,1,1,1,1,1,0,1,250,none;
254 -> 1,1,1,1,1,1,1,1,0,1,250,none;
255 -> 1,1,1,1,1,1,1,1,0,1,250,none;
256 -> 1,1,1,1,1,1,1,1,0,1,250,none;
257 -> 1,1,1,1,1,1,1,1,0,1,250,none;
258 -> 1,1,1,1,1,1,1,1,0,1,250,none;
259 -> 1,1,1,1,1,1,1,1,0,1,250,none;
260 -> 1,1,1,1,1,1,1,1,0,1,250,none;
261 -> 1,1,1,1,1,1,1,1,0,1,250,none;
262 -> 1,1,1,1,1,1,1,1,0,1,250,none;
263 -> 1,1,1,1,1,1,1,1,0,1,250,none;
264 -> 1,1,1,1,1,1,1,1,0,1,250,none;
265 -> 1,1,1,1,1,1,1,1,0,1,250,none;
266 -> 1,1,1,1,1,1,1,1,0,1,250,none;
267 -> 1,1,1,1,1,1,1,1,0,1,250,none;
268 -> 1,1,1,1,1,1,1,1,0,1,250,none;
269 -> 1,1,1,1,1,1,1,1,0,1,250,none;
270 -> 1,1,1,1,1,1,1,1,0,1,250,none;
271 -> 1,1,1,1,1,1,1,1,0,1,250,none;
272 -> 1,1,1,1,1,1,1,1,0,1,250,none;
273 -> 1,1,1,1,1,1,1,1,0,1,250,none;
274 -> 1,1,1,1,1,1,1,1,0,1,250,none;
275 -> 1,1,1,1,1,1,1,1,0,1,250,none;
276 -> 1,1,1,1,1,1,1,1,0,1,250,none;
277 -> 1,1,1,1,1,1,1,1,0,1,250,none;
278 -> 1,1,1,1,1,1,1,1,0,1,250,none;
279 -> 1,1,1,1,1,1,1,1,0,1,250,none;
280 -> 1,1,1,1,1,1,1,1,0,1,250,none;
281 -> 1,1,1,1,1,1,1,1,0,1,250,none;
282 -> 1,1,1,1,1,1,1,1,0,1,250,none;
283 -> 1,1,1,1,1,1,1,1,0,1,250,none;
284 -> 1,1,1,1,1,1,1,1,0,1,250,none;
285 -> 1,1,1,1,1,1,1,1,0,1,250,none;
